# JRE version: Java(TM) SE Runtime Environment (8.0_181-b13) (build 1.8.0_181-b13)
# Java VM: Java HotSpot(TM) 64-Bit Server VM (25.181-b13 mixed mode windows-amd64 compressed oops)
Heap:
 PSYoungGen      total 112128K, used 81389K [0x00000000f5580000, 0x00000000ff500000, 0x0000000100000000)
  eden space 71168K, 95% used [0x00000000f5580000,0x00000000f97f3448,0x00000000f9b00000)
  from space 40960K, 32% used [0x00000000fcd00000,0x00000000fda08060,0x00000000ff500000)
  to   space 46080K, 0% used [0x00000000f9b00000,0x00000000f9b00000,0x00000000fc800000)
 ParOldGen       total 190976K, used 37212K [0x00000000e0000000, 0x00000000eba80000, 0x00000000f5580000)
  object space 190976K, 19% used [0x00000000e0000000,0x00000000e24572e8,0x00000000eba80000)
 Metaspace       used 112716K, capacity 113542K, committed 114136K, reserved 1142784K
  class space    used 20217K, capacity 20503K, committed 20736K, reserved 1048576K
GC Heap History (10 events):
Event: 1311.088 GC heap before
{Heap before GC invocations=44 (full 6):
 PSYoungGen      total 120832K, used 11821K [0x00000000f5580000, 0x0000000100000000, 0x0000000100000000)
  eden space 67072K, 3% used [0x00000000f5580000,0x00000000f57a53c8,0x00000000f9700000)
  from space 53760K, 17% used [0x00000000f9700000,0x00000000fa066128,0x00000000fcb80000)
  to   space 51712K, 0% used [0x00000000fcd80000,0x00000000fcd80000,0x0000000100000000)
 ParOldGen       total 190976K, used 97079K [0x00000000e0000000, 0x00000000eba80000, 0x00000000f5580000)
  object space 190976K, 50% used [0x00000000e0000000,0x00000000e5ecdcf8,0x00000000eba80000)
 Metaspace       used 112630K, capacity 113602K, committed 113880K, reserved 1142784K
  class space    used 20314K, capacity 20613K, committed 20736K, reserved 1048576K
Event: 1311.117 GC heap after
Heap after GC invocations=44 (full 6):
 PSYoungGen      total 122880K, used 5535K [0x00000000f5580000, 0x00000000ffe80000, 0x0000000100000000)
  eden space 72704K, 0% used [0x00000000f5580000,0x00000000f5580000,0x00000000f9c80000)
  from space 50176K, 11% used [0x00000000fcd80000,0x00000000fd2e7ff0,0x00000000ffe80000)
  to   space 50176K, 0% used [0x00000000f9c80000,0x00000000f9c80000,0x00000000fcd80000)
 ParOldGen       total 190976K, used 97079K [0x00000000e0000000, 0x00000000eba80000, 0x00000000f5580000)
  object space 190976K, 50% used [0x00000000e0000000,0x00000000e5ecdcf8,0x00000000eba80000)
 Metaspace       used 112630K, capacity 113602K, committed 113880K, reserved 1142784K
  class space    used 20314K, capacity 20613K, committed 20736K, reserved 1048576K
}
Event: 1311.117 GC heap before
{Heap before GC invocations=45 (full 7):
 PSYoungGen      total 122880K, used 5535K [0x00000000f5580000, 0x00000000ffe80000, 0x0000000100000000)
  eden space 72704K, 0% used [0x00000000f5580000,0x00000000f5580000,0x00000000f9c80000)
  from space 50176K, 11% used [0x00000000fcd80000,0x00000000fd2e7ff0,0x00000000ffe80000)
  to   space 50176K, 0% used [0x00000000f9c80000,0x00000000f9c80000,0x00000000fcd80000)
 ParOldGen       total 190976K, used 97079K [0x00000000e0000000, 0x00000000eba80000, 0x00000000f5580000)
  object space 190976K, 50% used [0x00000000e0000000,0x00000000e5ecdcf8,0x00000000eba80000)
 Metaspace       used 112630K, capacity 113602K, committed 113880K, reserved 1142784K
  class space    used 20314K, capacity 20613K, committed 20736K, reserved 1048576K
Event: 1311.973 GC heap after
Heap after GC invocations=45 (full 7):
 PSYoungGen      total 122880K, used 0K [0x00000000f5580000, 0x00000000ffe80000, 0x0000000100000000)
  eden space 72704K, 0% used [0x00000000f5580000,0x00000000f5580000,0x00000000f9c80000)
  from space 50176K, 0% used [0x00000000fcd80000,0x00000000fcd80000,0x00000000ffe80000)
  to   space 50176K, 0% used [0x00000000f9c80000,0x00000000f9c80000,0x00000000fcd80000)
 ParOldGen       total 190976K, used 37368K [0x00000000e0000000, 0x00000000eba80000, 0x00000000f5580000)
  object space 190976K, 19% used [0x00000000e0000000,0x00000000e247e368,0x00000000eba80000)
 Metaspace       used 111984K, capacity 112870K, committed 113880K, reserved 1142784K
  class space    used 20205K, capacity 20471K, committed 20736K, reserved 1048576K
}
Event: 1311.978 GC heap before
{Heap before GC invocations=46 (full 7):
 PSYoungGen      total 122880K, used 344K [0x00000000f5580000, 0x00000000ffe80000, 0x0000000100000000)
  eden space 72704K, 0% used [0x00000000f5580000,0x00000000f55d6318,0x00000000f9c80000)
  from space 50176K, 0% used [0x00000000fcd80000,0x00000000fcd80000,0x00000000ffe80000)
  to   space 50176K, 0% used [0x00000000f9c80000,0x00000000f9c80000,0x00000000fcd80000)
 ParOldGen       total 190976K, used 37368K [0x00000000e0000000, 0x00000000eba80000, 0x00000000f5580000)
  object space 190976K, 19% used [0x00000000e0000000,0x00000000e247e368,0x00000000eba80000)
 Metaspace       used 111984K, capacity 112870K, committed 113880K, reserved 1142784K
  class space    used 20205K, capacity 20471K, committed 20736K, reserved 1048576K
Event: 1311.982 GC heap after
Heap after GC invocations=46 (full 7):
 PSYoungGen      total 73216K, used 0K [0x00000000f5580000, 0x00000000ffd80000, 0x0000000100000000)
  eden space 72704K, 0% used [0x00000000f5580000,0x00000000f5580000,0x00000000f9c80000)
  from space 512K, 0% used [0x00000000f9c80000,0x00000000f9c80000,0x00000000f9d00000)
  to   space 49664K, 0% used [0x00000000fcd00000,0x00000000fcd00000,0x00000000ffd80000)
 ParOldGen       total 190976K, used 37368K [0x00000000e0000000, 0x00000000eba80000, 0x00000000f5580000)
  object space 190976K, 19% used [0x00000000e0000000,0x00000000e247e368,0x00000000eba80000)
 Metaspace       used 111984K, capacity 112870K, committed 113880K, reserved 1142784K
  class space    used 20205K, capacity 20471K, committed 20736K, reserved 1048576K
}
Event: 1311.982 GC heap before
{Heap before GC invocations=47 (full 8):
 PSYoungGen      total 73216K, used 0K [0x00000000f5580000, 0x00000000ffd80000, 0x0000000100000000)
  eden space 72704K, 0% used [0x00000000f5580000,0x00000000f5580000,0x00000000f9c80000)
  from space 512K, 0% used [0x00000000f9c80000,0x00000000f9c80000,0x00000000f9d00000)
  to   space 49664K, 0% used [0x00000000fcd00000,0x00000000fcd00000,0x00000000ffd80000)
 ParOldGen       total 190976K, used 37368K [0x00000000e0000000, 0x00000000eba80000, 0x00000000f5580000)
  object space 190976K, 19% used [0x00000000e0000000,0x00000000e247e368,0x00000000eba80000)
 Metaspace       used 111984K, capacity 112870K, committed 113880K, reserved 1142784K
  class space    used 20205K, capacity 20471K, committed 20736K, reserved 1048576K
Event: 1312.426 GC heap after
Heap after GC invocations=47 (full 8):
 PSYoungGen      total 73216K, used 0K [0x00000000f5580000, 0x00000000ffd80000, 0x0000000100000000)
  eden space 72704K, 0% used [0x00000000f5580000,0x00000000f5580000,0x00000000f9c80000)
  from space 512K, 0% used [0x00000000f9c80000,0x00000000f9c80000,0x00000000f9d00000)
  to   space 49664K, 0% used [0x00000000fcd00000,0x00000000fcd00000,0x00000000ffd80000)
 ParOldGen       total 190976K, used 37204K [0x00000000e0000000, 0x00000000eba80000, 0x00000000f5580000)
  object space 190976K, 19% used [0x00000000e0000000,0x00000000e24552e8,0x00000000eba80000)
 Metaspace       used 111984K, capacity 112870K, committed 113880K, reserved 1142784K
  class space    used 20205K, capacity 20471K, committed 20736K, reserved 1048576K
}
Event: 6049.119 GC heap before
{Heap before GC invocations=48 (full 8):
 PSYoungGen      total 73216K, used 72704K [0x00000000f5580000, 0x00000000ffd80000, 0x0000000100000000)
  eden space 72704K, 100% used [0x00000000f5580000,0x00000000f9c80000,0x00000000f9c80000)
  from space 512K, 0% used [0x00000000f9c80000,0x00000000f9c80000,0x00000000f9d00000)
  to   space 49664K, 0% used [0x00000000fcd00000,0x00000000fcd00000,0x00000000ffd80000)
 ParOldGen       total 190976K, used 37204K [0x00000000e0000000, 0x00000000eba80000, 0x00000000f5580000)
  object space 190976K, 19% used [0x00000000e0000000,0x00000000e24552e8,0x00000000eba80000)
 Metaspace       used 112048K, capacity 112902K, committed 113880K, reserved 1142784K
  class space    used 20215K, capacity 20503K, committed 20736K, reserved 1048576K
Event: 6049.215 GC heap after
Heap after GC invocations=48 (full 8):
 PSYoungGen      total 112128K, used 13344K [0x00000000f5580000, 0x00000000ff500000, 0x0000000100000000)
  eden space 71168K, 0% used [0x00000000f5580000,0x00000000f5580000,0x00000000f9b00000)
  from space 40960K, 32% used [0x00000000fcd00000,0x00000000fda08060,0x00000000ff500000)
  to   space 46080K, 0% used [0x00000000f9b00000,0x00000000f9b00000,0x00000000fc800000)
 ParOldGen       total 190976K, used 37212K [0x00000000e0000000, 0x00000000eba80000, 0x00000000f5580000)
  object space 190976K, 19% used [0x00000000e0000000,0x00000000e24572e8,0x00000000eba80000)
 Metaspace       used 112048K, capacity 112902K, committed 113880K, reserved 1142784K
  class space    used 20215K, capacity 20503K, committed 20736K, reserved 1048576K
}

