# JRE version: Java(TM) SE Runtime Environment (8.0_181-b13) (build 1.8.0_181-b13)
# Java VM: Java HotSpot(TM) 64-Bit Server VM (25.181-b13 mixed mode windows-amd64 compressed oops)
Heap:
 PSYoungGen      total 162304K, used 7094K [0x00000000e0000000, 0x00000000eb800000, 0x0000000100000000)
  eden space 139264K, 4% used [0x00000000e0000000,0x00000000e0573d80,0x00000000e8800000)
  from space 23040K, 6% used [0x00000000e8800000,0x00000000e8979c00,0x00000000e9e80000)
  to   space 16896K, 0% used [0x00000000e9e80000,0x00000000e9e80000,0x00000000eaf00000)
 ParOldGen       total 93184K, used 92790K [0x00000000a0000000, 0x00000000a5b00000, 0x00000000e0000000)
  object space 93184K, 99% used [0x00000000a0000000,0x00000000a5a9daf8,0x00000000a5b00000)
 Metaspace       used 64865K, capacity 65566K, committed 65752K, reserved 1103872K
  class space    used 12743K, capacity 13010K, committed 13016K, reserved 1048576K
GC Heap History (10 events):
Event: 66.679 GC heap before
{Heap before GC invocations=16 (full 4):
 PSYoungGen      total 130560K, used 118652K [0x00000000e0000000, 0x00000000eaf00000, 0x0000000100000000)
  eden space 113152K, 100% used [0x00000000e0000000,0x00000000e6e80000,0x00000000e6e80000)
  from space 17408K, 31% used [0x00000000e6e80000,0x00000000e73df3d8,0x00000000e7f80000)
  to   space 16896K, 0% used [0x00000000e9e80000,0x00000000e9e80000,0x00000000eaf00000)
 ParOldGen       total 93184K, used 27349K [0x00000000a0000000, 0x00000000a5b00000, 0x00000000e0000000)
  object space 93184K, 29% used [0x00000000a0000000,0x00000000a1ab5640,0x00000000a5b00000)
 Metaspace       used 50109K, capacity 50636K, committed 50904K, reserved 1091584K
  class space    used 9453K, capacity 9668K, committed 9688K, reserved 1048576K
Event: 66.793 GC heap after
Heap after GC invocations=16 (full 4):
 PSYoungGen      total 156160K, used 16869K [0x00000000e0000000, 0x00000000eb800000, 0x0000000100000000)
  eden space 139264K, 0% used [0x00000000e0000000,0x00000000e0000000,0x00000000e8800000)
  from space 16896K, 99% used [0x00000000e9e80000,0x00000000eaef9508,0x00000000eaf00000)
  to   space 23040K, 0% used [0x00000000e8800000,0x00000000e8800000,0x00000000e9e80000)
 ParOldGen       total 93184K, used 37286K [0x00000000a0000000, 0x00000000a5b00000, 0x00000000e0000000)
  object space 93184K, 40% used [0x00000000a0000000,0x00000000a2469840,0x00000000a5b00000)
 Metaspace       used 50109K, capacity 50636K, committed 50904K, reserved 1091584K
  class space    used 9453K, capacity 9668K, committed 9688K, reserved 1048576K
}
Event: 89.945 GC heap before
{Heap before GC invocations=17 (full 4):
 PSYoungGen      total 156160K, used 156133K [0x00000000e0000000, 0x00000000eb800000, 0x0000000100000000)
  eden space 139264K, 100% used [0x00000000e0000000,0x00000000e8800000,0x00000000e8800000)
  from space 16896K, 99% used [0x00000000e9e80000,0x00000000eaef9508,0x00000000eaf00000)
  to   space 23040K, 0% used [0x00000000e8800000,0x00000000e8800000,0x00000000e9e80000)
 ParOldGen       total 93184K, used 37286K [0x00000000a0000000, 0x00000000a5b00000, 0x00000000e0000000)
  object space 93184K, 40% used [0x00000000a0000000,0x00000000a2469840,0x00000000a5b00000)
 Metaspace       used 58251K, capacity 58904K, committed 59096K, reserved 1097728K
  class space    used 11217K, capacity 11468K, committed 11480K, reserved 1048576K
Event: 90.194 GC heap after
Heap after GC invocations=17 (full 4):
 PSYoungGen      total 162304K, used 23026K [0x00000000e0000000, 0x00000000eb800000, 0x0000000100000000)
  eden space 139264K, 0% used [0x00000000e0000000,0x00000000e0000000,0x00000000e8800000)
  from space 23040K, 99% used [0x00000000e8800000,0x00000000e9e7ca30,0x00000000e9e80000)
  to   space 16896K, 0% used [0x00000000e9e80000,0x00000000e9e80000,0x00000000eaf00000)
 ParOldGen       total 93184K, used 80306K [0x00000000a0000000, 0x00000000a5b00000, 0x00000000e0000000)
  object space 93184K, 86% used [0x00000000a0000000,0x00000000a4e6c858,0x00000000a5b00000)
 Metaspace       used 58251K, capacity 58904K, committed 59096K, reserved 1097728K
  class space    used 11217K, capacity 11468K, committed 11480K, reserved 1048576K
}
Event: 90.194 GC heap before
{Heap before GC invocations=18 (full 5):
 PSYoungGen      total 162304K, used 23026K [0x00000000e0000000, 0x00000000eb800000, 0x0000000100000000)
  eden space 139264K, 0% used [0x00000000e0000000,0x00000000e0000000,0x00000000e8800000)
  from space 23040K, 99% used [0x00000000e8800000,0x00000000e9e7ca30,0x00000000e9e80000)
  to   space 16896K, 0% used [0x00000000e9e80000,0x00000000e9e80000,0x00000000eaf00000)
 ParOldGen       total 93184K, used 80306K [0x00000000a0000000, 0x00000000a5b00000, 0x00000000e0000000)
  object space 93184K, 86% used [0x00000000a0000000,0x00000000a4e6c858,0x00000000a5b00000)
 Metaspace       used 58251K, capacity 58904K, committed 59096K, reserved 1097728K
  class space    used 11217K, capacity 11468K, committed 11480K, reserved 1048576K
Event: 91.707 GC heap after
Heap after GC invocations=18 (full 5):
 PSYoungGen      total 162304K, used 5095K [0x00000000e0000000, 0x00000000eb800000, 0x0000000100000000)
  eden space 139264K, 0% used [0x00000000e0000000,0x00000000e0000000,0x00000000e8800000)
  from space 23040K, 22% used [0x00000000e8800000,0x00000000e8cf9c68,0x00000000e9e80000)
  to   space 16896K, 0% used [0x00000000e9e80000,0x00000000e9e80000,0x00000000eaf00000)
 ParOldGen       total 93184K, used 93068K [0x00000000a0000000, 0x00000000a5b00000, 0x00000000e0000000)
  object space 93184K, 99% used [0x00000000a0000000,0x00000000a5ae3128,0x00000000a5b00000)
 Metaspace       used 58231K, capacity 58880K, committed 59096K, reserved 1097728K
  class space    used 11212K, capacity 11460K, committed 11480K, reserved 1048576K
}
Event: 96.405 GC heap before
{Heap before GC invocations=19 (full 6):
 PSYoungGen      total 162304K, used 144359K [0x00000000e0000000, 0x00000000eb800000, 0x0000000100000000)
  eden space 139264K, 100% used [0x00000000e0000000,0x00000000e8800000,0x00000000e8800000)
  from space 23040K, 22% used [0x00000000e8800000,0x00000000e8cf9c68,0x00000000e9e80000)
  to   space 16896K, 0% used [0x00000000e9e80000,0x00000000e9e80000,0x00000000eaf00000)
 ParOldGen       total 93184K, used 93068K [0x00000000a0000000, 0x00000000a5b00000, 0x00000000e0000000)
  object space 93184K, 99% used [0x00000000a0000000,0x00000000a5ae3128,0x00000000a5b00000)
 Metaspace       used 61801K, capacity 62494K, committed 62552K, reserved 1099776K
  class space    used 12128K, capacity 12370K, committed 12376K, reserved 1048576K
Event: 100.974 GC heap after
Heap after GC invocations=19 (full 6):
 PSYoungGen      total 162304K, used 2023K [0x00000000e0000000, 0x00000000eb800000, 0x0000000100000000)
  eden space 139264K, 0% used [0x00000000e0000000,0x00000000e0000000,0x00000000e8800000)
  from space 23040K, 8% used [0x00000000e8800000,0x00000000e89f9c08,0x00000000e9e80000)
  to   space 16896K, 0% used [0x00000000e9e80000,0x00000000e9e80000,0x00000000eaf00000)
 ParOldGen       total 93184K, used 93078K [0x00000000a0000000, 0x00000000a5b00000, 0x00000000e0000000)
  object space 93184K, 99% used [0x00000000a0000000,0x00000000a5ae5b80,0x00000000a5b00000)
 Metaspace       used 61801K, capacity 62494K, committed 62552K, reserved 1099776K
  class space    used 12128K, capacity 12370K, committed 12376K, reserved 1048576K
}
Event: 103.373 GC heap before
{Heap before GC invocations=20 (full 7):
 PSYoungGen      total 162304K, used 26829K [0x00000000e0000000, 0x00000000eb800000, 0x0000000100000000)
  eden space 139264K, 17% used [0x00000000e0000000,0x00000000e1839960,0x00000000e8800000)
  from space 23040K, 8% used [0x00000000e8800000,0x00000000e89f9c08,0x00000000e9e80000)
  to   space 16896K, 0% used [0x00000000e9e80000,0x00000000e9e80000,0x00000000eaf00000)
 ParOldGen       total 93184K, used 93078K [0x00000000a0000000, 0x00000000a5b00000, 0x00000000e0000000)
  object space 93184K, 99% used [0x00000000a0000000,0x00000000a5ae5b80,0x00000000a5b00000)
 Metaspace       used 64109K, capacity 64766K, committed 64856K, reserved 1105920K
  class space    used 12596K, capacity 12850K, committed 12888K, reserved 1048576K
Event: 105.080 GC heap after
Heap after GC invocations=20 (full 7):
 PSYoungGen      total 162304K, used 1511K [0x00000000e0000000, 0x00000000eb800000, 0x0000000100000000)
  eden space 139264K, 0% used [0x00000000e0000000,0x00000000e0000000,0x00000000e8800000)
  from space 23040K, 6% used [0x00000000e8800000,0x00000000e8979c00,0x00000000e9e80000)
  to   space 16896K, 0% used [0x00000000e9e80000,0x00000000e9e80000,0x00000000eaf00000)
 ParOldGen       total 93184K, used 92790K [0x00000000a0000000, 0x00000000a5b00000, 0x00000000e0000000)
  object space 93184K, 99% used [0x00000000a0000000,0x00000000a5a9daf8,0x00000000a5b00000)
 Metaspace       used 64109K, capacity 64766K, committed 64856K, reserved 1103872K
  class space    used 12596K, capacity 12850K, committed 12888K, reserved 1048576K
}

